[2026-04-26T17:37:39.484Z] {"timestamp":1777225056482,"level":"DEBUG","args":["[Manus] Debug collector initialized (no rrweb, UI events only)"],"stack":null}
[2026-04-26T17:37:39.484Z] {"timestamp":1777225057368,"level":"INFO","args":["%cDownload the React DevTools for a better development experience: https://react.dev/link/react-devtools","font-weight:bold"],"stack":null}
[2026-04-26T17:37:49.418Z] {"timestamp":1777225067406,"level":"DEBUG","args":["[Manus] Debug collector initialized (no rrweb, UI events only)"],"stack":null}
[2026-04-26T17:37:49.418Z] {"timestamp":1777225067411,"level":"DEBUG","args":["[vite] connected."],"stack":null}
[2026-04-26T17:37:49.418Z] {"timestamp":1777225067511,"level":"INFO","args":["%cDownload the React DevTools for a better development experience: https://react.dev/link/react-devtools","font-weight:bold"],"stack":null}
[2026-04-26T17:38:21.551Z] {"timestamp":1777225099546,"level":"DEBUG","args":["[Manus] Debug collector initialized (no rrweb, UI events only)"],"stack":null}
[2026-04-26T17:38:21.551Z] {"timestamp":1777225099551,"level":"INFO","args":["%cDownload the React DevTools for a better development experience: https://react.dev/link/react-devtools","font-weight:bold"],"stack":null}
[2026-04-26T17:38:21.551Z] {"timestamp":1777225099579,"level":"DEBUG","args":["[vite] connected."],"stack":null}
[2026-04-26T17:38:30.583Z] {"timestamp":1777225108580,"level":"DEBUG","args":["[Manus] Debug collector initialized (no rrweb, UI events only)"],"stack":null}
[2026-04-26T17:38:30.583Z] {"timestamp":1777225108616,"level":"DEBUG","args":["[vite] connected."],"stack":null}
[2026-04-26T17:38:30.583Z] {"timestamp":1777225108675,"level":"INFO","args":["%cDownload the React DevTools for a better development experience: https://react.dev/link/react-devtools","font-weight:bold"],"stack":null}
[2026-04-26T17:38:32.921Z] {"timestamp":1777225110918,"level":"DEBUG","args":["[Manus] Debug collector initialized (no rrweb, UI events only)"],"stack":null}
[2026-04-26T17:38:32.921Z] {"timestamp":1777225110973,"level":"INFO","args":["%cDownload the React DevTools for a better development experience: https://react.dev/link/react-devtools","font-weight:bold"],"stack":null}
[2026-04-26T17:38:32.921Z] {"timestamp":1777225111008,"level":"DEBUG","args":["[vite] connected."],"stack":null}
[2026-04-26T17:46:20.441Z] {"timestamp":1777225578404,"level":"DEBUG","args":["[Manus] Debug collector initialized (no rrweb, UI events only)"],"stack":null}
[2026-04-26T17:46:20.441Z] {"timestamp":1777225578630,"level":"INFO","args":["%cDownload the React DevTools for a better development experience: https://react.dev/link/react-devtools","font-weight:bold"],"stack":null}
[2026-04-26T18:01:40.338Z] {"timestamp":1777226498331,"level":"DEBUG","args":["[Manus] Debug collector initialized (no rrweb, UI events only)"],"stack":null}
[2026-04-26T18:01:40.338Z] {"timestamp":1777226498651,"level":"INFO","args":["%cDownload the React DevTools for a better development experience: https://react.dev/link/react-devtools","font-weight:bold"],"stack":null}
[2026-04-26T18:01:40.338Z] {"timestamp":1777226498699,"level":"WARN","args":["[config] VITE_GHL_WAITLIST_URL is unset; using recordingstudio.com for GET FULL ACCESS"],"stack":null}
[2026-04-26T18:01:40.338Z] {"timestamp":1777226498891,"level":"DEBUG","args":["[vite] connected."],"stack":null}
[2026-04-26T18:01:40.338Z] {"timestamp":1777226498912,"level":"WARN","args":["[config] VITE_GHL_WAITLIST_URL is unset; using recordingstudio.com for GET FULL ACCESS"],"stack":null}
[2026-04-26T18:02:14.976Z] {"timestamp":1777226532973,"level":"DEBUG","args":["[Manus] Debug collector initialized (no rrweb, UI events only)"],"stack":null}
[2026-04-26T18:02:14.976Z] {"timestamp":1777226533023,"level":"DEBUG","args":["[vite] connected."],"stack":null}
[2026-04-26T18:02:14.976Z] {"timestamp":1777226533031,"level":"INFO","args":["%cDownload the React DevTools for a better development experience: https://react.dev/link/react-devtools","font-weight:bold"],"stack":null}
[2026-04-26T18:02:14.976Z] {"timestamp":1777226533058,"level":"WARN","args":["[config] VITE_GHL_WAITLIST_URL is unset; using recordingstudio.com for GET FULL ACCESS"],"stack":null}
[2026-04-26T18:02:14.976Z] {"timestamp":1777226533138,"level":"WARN","args":["[config] VITE_GHL_WAITLIST_URL is unset; using recordingstudio.com for GET FULL ACCESS"],"stack":null}
[2026-04-26T18:03:22.665Z] {"timestamp":1777226600661,"level":"DEBUG","args":["[Manus] Debug collector initialized (no rrweb, UI events only)"],"stack":null}
[2026-04-26T18:03:22.665Z] {"timestamp":1777226600680,"level":"DEBUG","args":["[vite] connected."],"stack":null}
[2026-04-26T18:03:22.665Z] {"timestamp":1777226600754,"level":"INFO","args":["%cDownload the React DevTools for a better development experience: https://react.dev/link/react-devtools","font-weight:bold"],"stack":null}
[2026-04-26T18:03:22.665Z] {"timestamp":1777226600789,"level":"WARN","args":["[config] VITE_GHL_WAITLIST_URL is unset; using recordingstudio.com for GET FULL ACCESS"],"stack":null}
[2026-04-26T18:03:22.665Z] {"timestamp":1777226600820,"level":"WARN","args":["[config] VITE_GHL_WAITLIST_URL is unset; using recordingstudio.com for GET FULL ACCESS"],"stack":null}
[2026-04-26T18:04:41.555Z] {"timestamp":1777226679547,"level":"DEBUG","args":["[Manus] Debug collector initialized (no rrweb, UI events only)"],"stack":null}
[2026-04-26T18:04:41.555Z] {"timestamp":1777226679772,"level":"INFO","args":["%cDownload the React DevTools for a better development experience: https://react.dev/link/react-devtools","font-weight:bold"],"stack":null}
[2026-04-26T18:04:41.555Z] {"timestamp":1777226679821,"level":"WARN","args":["[config] VITE_GHL_WAITLIST_URL is unset; using recordingstudio.com for GET FULL ACCESS"],"stack":null}
[2026-04-26T18:04:41.555Z] {"timestamp":1777226680112,"level":"WARN","args":["[config] VITE_GHL_WAITLIST_URL is unset; using recordingstudio.com for GET FULL ACCESS"],"stack":null}
[2026-04-26T18:04:41.555Z] {"timestamp":1777226680120,"level":"DEBUG","args":["[vite] connected."],"stack":null}
[2026-04-26T18:08:41.575Z] {"timestamp":1777226921529,"level":"DEBUG","args":["[vite]","hot updated: /src/components/BrandLabLockup.tsx"],"stack":null}
[2026-04-26T18:08:41.575Z] {"timestamp":1777226921529,"level":"DEBUG","args":["[vite]","hot updated: /src/index.css"],"stack":null}
[2026-04-26T18:08:44.032Z] {"timestamp":1777226922021,"level":"DEBUG","args":["[Manus] Debug collector initialized (no rrweb, UI events only)"],"stack":null}
[2026-04-26T18:08:44.032Z] {"timestamp":1777226922033,"level":"DEBUG","args":["[vite] connected."],"stack":null}
[2026-04-26T18:08:44.032Z] {"timestamp":1777226922216,"level":"INFO","args":["%cDownload the React DevTools for a better development experience: https://react.dev/link/react-devtools","font-weight:bold"],"stack":null}
[2026-04-26T18:08:44.032Z] {"timestamp":1777226922257,"level":"WARN","args":["[config] VITE_GHL_WAITLIST_URL is unset; using recordingstudio.com for GET FULL ACCESS"],"stack":null}
[2026-04-26T18:08:44.032Z] {"timestamp":1777226922424,"level":"WARN","args":["[config] VITE_GHL_WAITLIST_URL is unset; using recordingstudio.com for GET FULL ACCESS"],"stack":null}
[2026-04-26T18:08:44.032Z] {"timestamp":1777226922538,"level":"DEBUG","args":["[vite]","hot updated: /src/index.css"],"stack":null}
[2026-04-26T18:08:44.032Z] {"timestamp":1777226922914,"level":"DEBUG","args":["[vite]","hot updated: /src/app/lab/page.tsx"],"stack":null}
[2026-04-26T18:08:44.032Z] {"timestamp":1777226922914,"level":"DEBUG","args":["[vite]","hot updated: /src/index.css"],"stack":null}
[2026-04-26T18:08:44.032Z] {"timestamp":1777226922943,"level":"ERROR","args":[{"type":"UncaughtError","message":"Uncaught ReferenceError: isAuthenticated is not defined","filename":"http://localhost:3000/src/app/lab/page.tsx?t=1777226922883","lineno":42,"colno":122,"stack":"ReferenceError: isAuthenticated is not defined\n    at LabEntrancePage (http://localhost:3000/src/app/lab/page.tsx?t=1777226922883:42:122)\n    at Object.react_stack_bottom_frame (http://localhost:3000/@fs/Users/paulceppaglia/Developer/rs-unified-lab/apps/signal-flow/node_modules/.vite/deps/react-dom_client.js?v=9c729a51:18509:20)\n    at renderWithHooks (http://localhost:3000/@fs/Users/paulceppaglia/Developer/rs-unified-lab/apps/signal-flow/node_modules/.vite/deps/react-dom_client.js?v=9c729a51:5654:24)\n    at updateFunctionComponent (http://localhost:3000/@fs/Users/paulceppaglia/Developer/rs-unified-lab/apps/signal-flow/node_modules/.vite/deps/react-dom_client.js?v=9c729a51:7475:21)\n    at beginWork (http://localhost:3000/@fs/Users/paulceppaglia/Developer/rs-unified-lab/apps/signal-flow/node_modules/.vite/deps/react-dom_client.js?v=9c729a51:8525:20)\n    at runWithFiberInDEV (http://localhost:3000/@fs/Users/paulceppaglia/Developer/rs-unified-lab/apps/signal-flow/node_modules/.vite/deps/react-dom_client.js?v=9c729a51:997:72)\n    at performUnitOfWork (http://localhost:3000/@fs/Users/paulceppaglia/Developer/rs-unified-lab/apps/signal-flow/node_modules/.vite/deps/react-dom_client.js?v=9c729a51:12561:98)\n    at workLoopSync (http://localhost:3000/@fs/Users/paulceppaglia/Developer/rs-unified-lab/apps/signal-flow/node_modules/.vite/deps/react-dom_client.js?v=9c729a51:12424:43)\n    at renderRootSync (http://localhost:3000/@fs/Users/paulceppaglia/Developer/rs-unified-lab/apps/signal-flow/node_modules/.vite/deps/react-dom_client.js?v=9c729a51:12408:13)\n    at performWorkOnRoot (http://localhost:3000/@fs/Users/paulceppaglia/Developer/rs-unified-lab/apps/signal-flow/node_modules/.vite/deps/react-dom_client.js?v=9c729a51:11827:37)"}],"stack":"ReferenceError: isAuthenticated is not defined\n    at LabEntrancePage (http://localhost:3000/src/app/lab/page.tsx?t=1777226922883:42:122)\n    at Object.react_stack_bottom_frame (http://localhost:3000/@fs/Users/paulceppaglia/Developer/rs-unified-lab/apps/signal-flow/node_modules/.vite/deps/react-dom_client.js?v=9c729a51:18509:20)\n    at renderWithHooks (http://localhost:3000/@fs/Users/paulceppaglia/Developer/rs-unified-lab/apps/signal-flow/node_modules/.vite/deps/react-dom_client.js?v=9c729a51:5654:24)\n    at updateFunctionComponent (http://localhost:3000/@fs/Users/paulceppaglia/Developer/rs-unified-lab/apps/signal-flow/node_modules/.vite/deps/react-dom_client.js?v=9c729a51:7475:21)\n    at beginWork (http://localhost:3000/@fs/Users/paulceppaglia/Developer/rs-unified-lab/apps/signal-flow/node_modules/.vite/deps/react-dom_client.js?v=9c729a51:8525:20)\n    at runWithFiberInDEV (http://localhost:3000/@fs/Users/paulceppaglia/Developer/rs-unified-lab/apps/signal-flow/node_modules/.vite/deps/react-dom_client.js?v=9c729a51:997:72)\n    at performUnitOfWork (http://localhost:3000/@fs/Users/paulceppaglia/Developer/rs-unified-lab/apps/signal-flow/node_modules/.vite/deps/react-dom_client.js?v=9c729a51:12561:98)\n    at workLoopSync (http://localhost:3000/@fs/Users/paulceppaglia/Developer/rs-unified-lab/apps/signal-flow/node_modules/.vite/deps/react-dom_client.js?v=9c729a51:12424:43)\n    at renderRootSync (http://localhost:3000/@fs/Users/paulceppaglia/Developer/rs-unified-lab/apps/signal-flow/node_modules/.vite/deps/react-dom_client.js?v=9c729a51:12408:13)\n    at performWorkOnRoot (http://localhost:3000/@fs/Users/paulceppaglia/Developer/rs-unified-lab/apps/signal-flow/node_modules/.vite/deps/react-dom_client.js?v=9c729a51:11827:37)"}
[2026-04-26T18:08:44.032Z] {"timestamp":1777226922943,"level":"WARN","args":["%s\n\n%s\n","An error occurred in the <LabEntrancePage> component.","Consider adding an error boundary to your tree to customize error handling behavior.\nVisit https://react.dev/link/error-boundaries to learn more about error boundaries."],"stack":null}
[2026-04-26T18:08:44.032Z] {"timestamp":1777226923747,"level":"DEBUG","args":["[vite]","hot updated: /src/app/lab/page.tsx"],"stack":null}
[2026-04-26T18:08:44.032Z] {"timestamp":1777226923747,"level":"DEBUG","args":["[vite]","hot updated: /src/index.css"],"stack":null}
[2026-04-26T18:08:44.032Z] {"timestamp":1777226923765,"level":"ERROR","args":[{"type":"UncaughtError","message":"Uncaught ReferenceError: getLoginUrl is not defined","filename":"http://localhost:3000/src/app/lab/page.tsx?t=1777226923693","lineno":90,"colno":97,"stack":"ReferenceError: getLoginUrl is not defined\n    at LabEntrancePage (http://localhost:3000/src/app/lab/page.tsx?t=1777226923693:90:97)\n    at Object.react_stack_bottom_frame (http://localhost:3000/@fs/Users/paulceppaglia/Developer/rs-unified-lab/apps/signal-flow/node_modules/.vite/deps/react-dom_client.js?v=9c729a51:18509:20)\n    at renderWithHooks (http://localhost:3000/@fs/Users/paulceppaglia/Developer/rs-unified-lab/apps/signal-flow/node_modules/.vite/deps/react-dom_client.js?v=9c729a51:5654:24)\n    at updateFunctionComponent (http://localhost:3000/@fs/Users/paulceppaglia/Developer/rs-unified-lab/apps/signal-flow/node_modules/.vite/deps/react-dom_client.js?v=9c729a51:7475:21)\n    at beginWork (http://localhost:3000/@fs/Users/paulceppaglia/Developer/rs-unified-lab/apps/signal-flow/node_modules/.vite/deps/react-dom_client.js?v=9c729a51:8525:20)\n    at runWithFiberInDEV (http://localhost:3000/@fs/Users/paulceppaglia/Developer/rs-unified-lab/apps/signal-flow/node_modules/.vite/deps/react-dom_client.js?v=9c729a51:997:72)\n    at performUnitOfWork (http://localhost:3000/@fs/Users/paulceppaglia/Developer/rs-unified-lab/apps/signal-flow/node_modules/.vite/deps/react-dom_client.js?v=9c729a51:12561:98)\n    at workLoopSync (http://localhost:3000/@fs/Users/paulceppaglia/Developer/rs-unified-lab/apps/signal-flow/node_modules/.vite/deps/react-dom_client.js?v=9c729a51:12424:43)\n    at renderRootSync (http://localhost:3000/@fs/Users/paulceppaglia/Developer/rs-unified-lab/apps/signal-flow/node_modules/.vite/deps/react-dom_client.js?v=9c729a51:12408:13)\n    at performWorkOnRoot (http://localhost:3000/@fs/Users/paulceppaglia/Developer/rs-unified-lab/apps/signal-flow/node_modules/.vite/deps/react-dom_client.js?v=9c729a51:11827:37)"}],"stack":"ReferenceError: getLoginUrl is not defined\n    at LabEntrancePage (http://localhost:3000/src/app/lab/page.tsx?t=1777226923693:90:97)\n    at Object.react_stack_bottom_frame (http://localhost:3000/@fs/Users/paulceppaglia/Developer/rs-unified-lab/apps/signal-flow/node_modules/.vite/deps/react-dom_client.js?v=9c729a51:18509:20)\n    at renderWithHooks (http://localhost:3000/@fs/Users/paulceppaglia/Developer/rs-unified-lab/apps/signal-flow/node_modules/.vite/deps/react-dom_client.js?v=9c729a51:5654:24)\n    at updateFunctionComponent (http://localhost:3000/@fs/Users/paulceppaglia/Developer/rs-unified-lab/apps/signal-flow/node_modules/.vite/deps/react-dom_client.js?v=9c729a51:7475:21)\n    at beginWork (http://localhost:3000/@fs/Users/paulceppaglia/Developer/rs-unified-lab/apps/signal-flow/node_modules/.vite/deps/react-dom_client.js?v=9c729a51:8525:20)\n    at runWithFiberInDEV (http://localhost:3000/@fs/Users/paulceppaglia/Developer/rs-unified-lab/apps/signal-flow/node_modules/.vite/deps/react-dom_client.js?v=9c729a51:997:72)\n    at performUnitOfWork (http://localhost:3000/@fs/Users/paulceppaglia/Developer/rs-unified-lab/apps/signal-flow/node_modules/.vite/deps/react-dom_client.js?v=9c729a51:12561:98)\n    at workLoopSync (http://localhost:3000/@fs/Users/paulceppaglia/Developer/rs-unified-lab/apps/signal-flow/node_modules/.vite/deps/react-dom_client.js?v=9c729a51:12424:43)\n    at renderRootSync (http://localhost:3000/@fs/Users/paulceppaglia/Developer/rs-unified-lab/apps/signal-flow/node_modules/.vite/deps/react-dom_client.js?v=9c729a51:12408:13)\n    at performWorkOnRoot (http://localhost:3000/@fs/Users/paulceppaglia/Developer/rs-unified-lab/apps/signal-flow/node_modules/.vite/deps/react-dom_client.js?v=9c729a51:11827:37)"}
[2026-04-26T18:08:44.032Z] {"timestamp":1777226923765,"level":"WARN","args":["%s\n\n%s\n","An error occurred in the <LabEntrancePage> component.","Consider adding an error boundary to your tree to customize error handling behavior.\nVisit https://react.dev/link/error-boundaries to learn more about error boundaries."],"stack":null}
[2026-04-26T18:08:46.032Z] {"timestamp":1777226924959,"level":"DEBUG","args":["[vite]","hot updated: /src/app/lab/page.tsx"],"stack":null}
[2026-04-26T18:08:46.032Z] {"timestamp":1777226924959,"level":"DEBUG","args":["[vite]","hot updated: /src/index.css"],"stack":null}
[2026-04-26T18:08:46.032Z] {"timestamp":1777226924977,"level":"WARN","args":["[config] VITE_GHL_WAITLIST_URL is unset; using recordingstudio.com for GET FULL ACCESS"],"stack":null}
[2026-04-26T18:08:46.032Z] {"timestamp":1777226924977,"level":"WARN","args":["[config] VITE_GHL_WAITLIST_URL is unset; using recordingstudio.com for GET FULL ACCESS"],"stack":null}
[2026-04-26T18:08:46.032Z] {"timestamp":1777226925193,"level":"DEBUG","args":["[vite]","hot updated: /src/app/lab/page.tsx"],"stack":null}
[2026-04-26T18:08:46.032Z] {"timestamp":1777226925193,"level":"DEBUG","args":["[vite]","hot updated: /src/index.css"],"stack":null}
[2026-04-26T18:08:46.032Z] {"timestamp":1777226925210,"level":"WARN","args":["[config] VITE_GHL_WAITLIST_URL is unset; using recordingstudio.com for GET FULL ACCESS"],"stack":null}
[2026-04-26T18:08:46.032Z] {"timestamp":1777226925210,"level":"WARN","args":["[config] VITE_GHL_WAITLIST_URL is unset; using recordingstudio.com for GET FULL ACCESS"],"stack":null}
[2026-04-26T18:08:46.032Z] {"timestamp":1777226925689,"level":"DEBUG","args":["[vite]","hot updated: /src/App.tsx"],"stack":null}
[2026-04-26T18:08:46.032Z] {"timestamp":1777226925689,"level":"DEBUG","args":["[vite]","hot updated: /src/index.css"],"stack":null}
[2026-04-26T18:08:46.032Z] {"timestamp":1777226925707,"level":"WARN","args":["[config] VITE_GHL_WAITLIST_URL is unset; using recordingstudio.com for GET FULL ACCESS"],"stack":null}
[2026-04-26T18:08:46.032Z] {"timestamp":1777226925707,"level":"WARN","args":["[config] VITE_GHL_WAITLIST_URL is unset; using recordingstudio.com for GET FULL ACCESS"],"stack":null}
[2026-04-26T18:08:46.032Z] {"timestamp":1777226925880,"level":"DEBUG","args":["[vite]","hot updated: /src/App.tsx"],"stack":null}
[2026-04-26T18:08:46.032Z] {"timestamp":1777226925880,"level":"DEBUG","args":["[vite]","hot updated: /src/index.css"],"stack":null}
[2026-04-26T18:08:46.032Z] {"timestamp":1777226925898,"level":"WARN","args":["[config] VITE_GHL_WAITLIST_URL is unset; using recordingstudio.com for GET FULL ACCESS"],"stack":null}
[2026-04-26T18:08:46.032Z] {"timestamp":1777226925898,"level":"WARN","args":["[config] VITE_GHL_WAITLIST_URL is unset; using recordingstudio.com for GET FULL ACCESS"],"stack":null}
[2026-04-26T18:08:50.028Z] {"timestamp":1777226928741,"level":"DEBUG","args":["[vite]","hot updated: /src/index.css"],"stack":null}
[2026-04-26T18:08:50.028Z] {"timestamp":1777226928741,"level":"DEBUG","args":["[vite]","hot updated: /src/components/studio/Lab.tsx"],"stack":null}
[2026-04-26T18:09:35.622Z] {"timestamp":1777226973619,"level":"DEBUG","args":["[Manus] Debug collector initialized (no rrweb, UI events only)"],"stack":null}
[2026-04-26T18:09:35.622Z] {"timestamp":1777226973641,"level":"DEBUG","args":["[vite] connected."],"stack":null}
[2026-04-26T18:09:35.622Z] {"timestamp":1777226973693,"level":"INFO","args":["%cDownload the React DevTools for a better development experience: https://react.dev/link/react-devtools","font-weight:bold"],"stack":null}
[2026-04-26T18:09:35.622Z] {"timestamp":1777226973724,"level":"WARN","args":["[config] VITE_GHL_WAITLIST_URL is unset; using recordingstudio.com for GET FULL ACCESS"],"stack":null}
[2026-04-26T18:09:35.622Z] {"timestamp":1777226973724,"level":"WARN","args":["[config] VITE_GHL_WAITLIST_URL is unset; using recordingstudio.com for GET FULL ACCESS"],"stack":null}
[2026-04-26T18:09:51.739Z] {"timestamp":1777226989736,"level":"DEBUG","args":["[Manus] Debug collector initialized (no rrweb, UI events only)"],"stack":null}
[2026-04-26T18:09:51.739Z] {"timestamp":1777226989748,"level":"DEBUG","args":["[vite] connected."],"stack":null}
[2026-04-26T18:09:51.739Z] {"timestamp":1777226989793,"level":"INFO","args":["%cDownload the React DevTools for a better development experience: https://react.dev/link/react-devtools","font-weight:bold"],"stack":null}
[2026-04-26T18:09:51.739Z] {"timestamp":1777226989819,"level":"WARN","args":["[config] VITE_GHL_WAITLIST_URL is unset; using recordingstudio.com for GET FULL ACCESS"],"stack":null}
[2026-04-26T18:09:51.739Z] {"timestamp":1777226989819,"level":"WARN","args":["[config] VITE_GHL_WAITLIST_URL is unset; using recordingstudio.com for GET FULL ACCESS"],"stack":null}
[2026-04-26T18:10:20.253Z] {"timestamp":1777227018250,"level":"DEBUG","args":["[Manus] Debug collector initialized (no rrweb, UI events only)"],"stack":null}
[2026-04-26T18:10:20.253Z] {"timestamp":1777227018266,"level":"DEBUG","args":["[vite] connected."],"stack":null}
[2026-04-26T18:10:20.253Z] {"timestamp":1777227018343,"level":"INFO","args":["%cDownload the React DevTools for a better development experience: https://react.dev/link/react-devtools","font-weight:bold"],"stack":null}
[2026-04-26T18:10:20.253Z] {"timestamp":1777227018377,"level":"WARN","args":["[config] VITE_GHL_WAITLIST_URL is unset; using recordingstudio.com for GET FULL ACCESS"],"stack":null}
[2026-04-26T18:10:20.253Z] {"timestamp":1777227018377,"level":"WARN","args":["[config] VITE_GHL_WAITLIST_URL is unset; using recordingstudio.com for GET FULL ACCESS"],"stack":null}
[2026-04-26T18:15:56.472Z] {"timestamp":1777227355195,"level":"ERROR","args":["[vite]","Failed to reload /src/App.tsx. This could be due to syntax errors or importing non-existent modules. (see errors above)"],"stack":"Error\n    at console.<computed> [as error] (http://localhost:3000/__manus__/debug-collector.js:391:37)\n    at Object.error (http://localhost:3000/@vite/client:809:26)\n    at HMRClient.warnFailedUpdate (http://localhost:3000/@vite/client:181:15)\n    at HMRClient.fetchUpdate (http://localhost:3000/@vite/client:212:10)\n    at async Promise.all (index 0)\n    at async HMRClient.queueUpdate (http://localhost:3000/@vite/client:196:5)\n    at async Promise.all (index 0)\n    at async handleMessage (http://localhost:3000/@vite/client:838:4)"}
[2026-04-26T18:15:56.472Z] {"timestamp":1777227355196,"level":"DEBUG","args":["[vite]","hot updated: /src/App.tsx"],"stack":null}
[2026-04-26T18:15:56.472Z] {"timestamp":1777227355196,"level":"DEBUG","args":["[vite]","hot updated: /src/index.css"],"stack":null}
[2026-04-26T18:15:56.472Z] {"timestamp":1777227355203,"level":"DEBUG","args":["[vite]","hot updated: /src/index.css"],"stack":null}
[2026-04-26T18:15:56.472Z] {"timestamp":1777227356415,"level":"DEBUG","args":["[vite]","hot updated: /src/app/lab/page.tsx"],"stack":null}
[2026-04-26T18:15:56.472Z] {"timestamp":1777227356415,"level":"DEBUG","args":["[vite]","hot updated: /src/index.css"],"stack":null}
[2026-04-26T18:15:59.603Z] {"timestamp":1777227356655,"level":"DEBUG","args":["[Manus] Debug collector initialized (no rrweb, UI events only)"],"stack":null}
[2026-04-26T18:15:59.603Z] {"timestamp":1777227356661,"level":"DEBUG","args":["[vite] connected."],"stack":null}
[2026-04-26T18:15:59.603Z] {"timestamp":1777227356991,"level":"INFO","args":["%cDownload the React DevTools for a better development experience: https://react.dev/link/react-devtools","font-weight:bold"],"stack":null}
[2026-04-26T18:15:59.603Z] {"timestamp":1777227357032,"level":"WARN","args":["[config] VITE_GHL_WAITLIST_URL is unset; using recordingstudio.com for GET FULL ACCESS"],"stack":null}
[2026-04-26T18:15:59.603Z] {"timestamp":1777227357032,"level":"WARN","args":["[config] VITE_GHL_WAITLIST_URL is unset; using recordingstudio.com for GET FULL ACCESS"],"stack":null}
[2026-04-26T18:15:59.603Z] {"timestamp":1777227357557,"level":"DEBUG","args":["[vite]","hot updated: /src/app/lab/page.tsx"],"stack":null}
[2026-04-26T18:15:59.603Z] {"timestamp":1777227357558,"level":"DEBUG","args":["[vite]","hot updated: /src/index.css"],"stack":null}
[2026-04-26T18:15:59.603Z] {"timestamp":1777227357605,"level":"DEBUG","args":["[vite]","hot updated: /src/app/lab/page.tsx"],"stack":null}
[2026-04-26T18:15:59.603Z] {"timestamp":1777227357605,"level":"DEBUG","args":["[vite]","hot updated: /src/index.css"],"stack":null}
[2026-04-26T18:15:59.603Z] {"timestamp":1777227358153,"level":"DEBUG","args":["[vite]","hot updated: /src/app/lab/page.tsx"],"stack":null}
[2026-04-26T18:15:59.603Z] {"timestamp":1777227358153,"level":"DEBUG","args":["[vite]","hot updated: /src/index.css"],"stack":null}
[2026-04-26T18:15:59.603Z] {"timestamp":1777227358461,"level":"WARN","args":["[config] VITE_GHL_WAITLIST_URL is unset; using recordingstudio.com for GET FULL ACCESS"],"stack":null}
[2026-04-26T18:15:59.603Z] {"timestamp":1777227358461,"level":"WARN","args":["[config] VITE_GHL_WAITLIST_URL is unset; using recordingstudio.com for GET FULL ACCESS"],"stack":null}
[2026-04-26T18:16:01.448Z] {"timestamp":1777227361354,"level":"DEBUG","args":["[vite]","hot updated: /src/App.tsx"],"stack":null}
[2026-04-26T18:16:01.448Z] {"timestamp":1777227361354,"level":"DEBUG","args":["[vite]","hot updated: /src/index.css"],"stack":null}
[2026-04-26T18:16:03.448Z] {"timestamp":1777227361447,"level":"WARN","args":["[config] VITE_GHL_WAITLIST_URL is unset; using recordingstudio.com for GET FULL ACCESS"],"stack":null}
[2026-04-26T18:16:03.448Z] {"timestamp":1777227361447,"level":"WARN","args":["[config] VITE_GHL_WAITLIST_URL is unset; using recordingstudio.com for GET FULL ACCESS"],"stack":null}
[2026-04-26T18:16:05.448Z] {"timestamp":1777227363962,"level":"DEBUG","args":["[vite]","hot updated: /src/App.tsx"],"stack":null}
[2026-04-26T18:16:05.448Z] {"timestamp":1777227363962,"level":"DEBUG","args":["[vite]","hot updated: /src/index.css"],"stack":null}
[2026-04-26T18:16:05.448Z] {"timestamp":1777227364448,"level":"WARN","args":["[config] VITE_GHL_WAITLIST_URL is unset; using recordingstudio.com for GET FULL ACCESS"],"stack":null}
[2026-04-26T18:16:05.448Z] {"timestamp":1777227364448,"level":"WARN","args":["[config] VITE_GHL_WAITLIST_URL is unset; using recordingstudio.com for GET FULL ACCESS"],"stack":null}
[2026-04-26T18:16:07.448Z] {"timestamp":1777227365593,"level":"DEBUG","args":["[vite]","hot updated: /src/app/lab/page.tsx"],"stack":null}
[2026-04-26T18:16:07.448Z] {"timestamp":1777227365593,"level":"DEBUG","args":["[vite]","hot updated: /src/index.css"],"stack":null}
[2026-04-26T18:16:07.448Z] {"timestamp":1777227366449,"level":"WARN","args":["[config] VITE_GHL_WAITLIST_URL is unset; using recordingstudio.com for GET FULL ACCESS"],"stack":null}
[2026-04-26T18:16:07.448Z] {"timestamp":1777227366449,"level":"WARN","args":["[config] VITE_GHL_WAITLIST_URL is unset; using recordingstudio.com for GET FULL ACCESS"],"stack":null}
[2026-04-26T18:24:22.864Z] {"timestamp":1777227860861,"level":"DEBUG","args":["[Manus] Debug collector initialized (no rrweb, UI events only)"],"stack":null}
[2026-04-26T18:24:22.864Z] {"timestamp":1777227860863,"level":"DEBUG","args":["[vite] connected."],"stack":null}
[2026-04-26T18:24:22.864Z] {"timestamp":1777227861209,"level":"INFO","args":["%cDownload the React DevTools for a better development experience: https://react.dev/link/react-devtools","font-weight:bold"],"stack":null}
[2026-04-26T18:24:22.864Z] {"timestamp":1777227861251,"level":"WARN","args":["[config] VITE_GHL_WAITLIST_URL is unset; using recordingstudio.com for GET FULL ACCESS"],"stack":null}
[2026-04-26T18:24:22.864Z] {"timestamp":1777227861251,"level":"WARN","args":["[config] VITE_GHL_WAITLIST_URL is unset; using recordingstudio.com for GET FULL ACCESS"],"stack":null}
[2026-04-26T18:24:51.589Z] {"timestamp":1777227889582,"level":"DEBUG","args":["[Manus] Debug collector initialized (no rrweb, UI events only)"],"stack":null}
[2026-04-26T18:24:51.589Z] {"timestamp":1777227889608,"level":"DEBUG","args":["[vite] connected."],"stack":null}
[2026-04-26T18:24:51.589Z] {"timestamp":1777227889739,"level":"INFO","args":["%cDownload the React DevTools for a better development experience: https://react.dev/link/react-devtools","font-weight:bold"],"stack":null}
[2026-04-26T18:24:51.589Z] {"timestamp":1777227889764,"level":"WARN","args":["[config] VITE_GHL_WAITLIST_URL is unset; using recordingstudio.com for GET FULL ACCESS"],"stack":null}
[2026-04-26T18:24:51.589Z] {"timestamp":1777227889764,"level":"WARN","args":["[config] VITE_GHL_WAITLIST_URL is unset; using recordingstudio.com for GET FULL ACCESS"],"stack":null}
[2026-04-26T18:30:21.584Z] {"timestamp":1777228219654,"level":"DEBUG","args":["[vite]","hot updated: /src/app/lab/page.tsx"],"stack":null}
[2026-04-26T18:30:21.584Z] {"timestamp":1777228219654,"level":"DEBUG","args":["[vite]","hot updated: /src/index.css"],"stack":null}
[2026-04-26T18:30:21.584Z] {"timestamp":1777228219674,"level":"WARN","args":["[config] VITE_GHL_WAITLIST_URL is unset; using recordingstudio.com for GET FULL ACCESS"],"stack":null}
[2026-04-26T18:30:21.584Z] {"timestamp":1777228219674,"level":"WARN","args":["[config] VITE_GHL_WAITLIST_URL is unset; using recordingstudio.com for GET FULL ACCESS"],"stack":null}
[2026-04-26T18:30:21.584Z] {"timestamp":1777228219677,"level":"WARN","args":["[config] VITE_GHL_WAITLIST_URL is unset; using recordingstudio.com for GET FULL ACCESS"],"stack":null}
[2026-04-26T18:30:21.584Z] {"timestamp":1777228219677,"level":"WARN","args":["[config] VITE_GHL_WAITLIST_URL is unset; using recordingstudio.com for GET FULL ACCESS"],"stack":null}
[2026-04-26T18:30:21.584Z] {"timestamp":1777228219679,"level":"ERROR","args":[{"type":"UncaughtError","message":"Uncaught ReferenceError: Link is not defined","filename":"http://localhost:3000/src/app/lab/page.tsx?t=1777228219603","lineno":323,"colno":38,"stack":"ReferenceError: Link is not defined\n    at LabEntrancePage (http://localhost:3000/src/app/lab/page.tsx?t=1777228219603:323:38)\n    at Object.react_stack_bottom_frame (http://localhost:3000/@fs/Users/paulceppaglia/Developer/rs-unified-lab/apps/signal-flow/node_modules/.vite/deps/react-dom_client.js?v=9c729a51:18509:20)\n    at renderWithHooks (http://localhost:3000/@fs/Users/paulceppaglia/Developer/rs-unified-lab/apps/signal-flow/node_modules/.vite/deps/react-dom_client.js?v=9c729a51:5654:24)\n    at updateFunctionComponent (http://localhost:3000/@fs/Users/paulceppaglia/Developer/rs-unified-lab/apps/signal-flow/node_modules/.vite/deps/react-dom_client.js?v=9c729a51:7475:21)\n    at beginWork (http://localhost:3000/@fs/Users/paulceppaglia/Developer/rs-unified-lab/apps/signal-flow/node_modules/.vite/deps/react-dom_client.js?v=9c729a51:8525:20)\n    at runWithFiberInDEV (http://localhost:3000/@fs/Users/paulceppaglia/Developer/rs-unified-lab/apps/signal-flow/node_modules/.vite/deps/react-dom_client.js?v=9c729a51:997:72)\n    at performUnitOfWork (http://localhost:3000/@fs/Users/paulceppaglia/Developer/rs-unified-lab/apps/signal-flow/node_modules/.vite/deps/react-dom_client.js?v=9c729a51:12561:98)\n    at workLoopSync (http://localhost:3000/@fs/Users/paulceppaglia/Developer/rs-unified-lab/apps/signal-flow/node_modules/.vite/deps/react-dom_client.js?v=9c729a51:12424:43)\n    at renderRootSync (http://localhost:3000/@fs/Users/paulceppaglia/Developer/rs-unified-lab/apps/signal-flow/node_modules/.vite/deps/react-dom_client.js?v=9c729a51:12408:13)\n    at performWorkOnRoot (http://localhost:3000/@fs/Users/paulceppaglia/Developer/rs-unified-lab/apps/signal-flow/node_modules/.vite/deps/react-dom_client.js?v=9c729a51:11827:37)"}],"stack":"ReferenceError: Link is not defined\n    at LabEntrancePage (http://localhost:3000/src/app/lab/page.tsx?t=1777228219603:323:38)\n    at Object.react_stack_bottom_frame (http://localhost:3000/@fs/Users/paulceppaglia/Developer/rs-unified-lab/apps/signal-flow/node_modules/.vite/deps/react-dom_client.js?v=9c729a51:18509:20)\n    at renderWithHooks (http://localhost:3000/@fs/Users/paulceppaglia/Developer/rs-unified-lab/apps/signal-flow/node_modules/.vite/deps/react-dom_client.js?v=9c729a51:5654:24)\n    at updateFunctionComponent (http://localhost:3000/@fs/Users/paulceppaglia/Developer/rs-unified-lab/apps/signal-flow/node_modules/.vite/deps/react-dom_client.js?v=9c729a51:7475:21)\n    at beginWork (http://localhost:3000/@fs/Users/paulceppaglia/Developer/rs-unified-lab/apps/signal-flow/node_modules/.vite/deps/react-dom_client.js?v=9c729a51:8525:20)\n    at runWithFiberInDEV (http://localhost:3000/@fs/Users/paulceppaglia/Developer/rs-unified-lab/apps/signal-flow/node_modules/.vite/deps/react-dom_client.js?v=9c729a51:997:72)\n    at performUnitOfWork (http://localhost:3000/@fs/Users/paulceppaglia/Developer/rs-unified-lab/apps/signal-flow/node_modules/.vite/deps/react-dom_client.js?v=9c729a51:12561:98)\n    at workLoopSync (http://localhost:3000/@fs/Users/paulceppaglia/Developer/rs-unified-lab/apps/signal-flow/node_modules/.vite/deps/react-dom_client.js?v=9c729a51:12424:43)\n    at renderRootSync (http://localhost:3000/@fs/Users/paulceppaglia/Developer/rs-unified-lab/apps/signal-flow/node_modules/.vite/deps/react-dom_client.js?v=9c729a51:12408:13)\n    at performWorkOnRoot (http://localhost:3000/@fs/Users/paulceppaglia/Developer/rs-unified-lab/apps/signal-flow/node_modules/.vite/deps/react-dom_client.js?v=9c729a51:11827:37)"}
[2026-04-26T18:30:21.584Z] {"timestamp":1777228219679,"level":"WARN","args":["%s\n\n%s\n","An error occurred in the <LabEntrancePage> component.","Consider adding an error boundary to your tree to customize error handling behavior.\nVisit https://react.dev/link/error-boundaries to learn more about error boundaries."],"stack":null}
[2026-04-26T18:30:23.585Z] {"timestamp":1777228221758,"level":"DEBUG","args":["[vite]","hot updated: /src/app/lab/page.tsx"],"stack":null}
[2026-04-26T18:30:23.585Z] {"timestamp":1777228221758,"level":"DEBUG","args":["[vite]","hot updated: /src/index.css"],"stack":null}
[2026-04-26T18:30:23.585Z] {"timestamp":1777228221777,"level":"WARN","args":["[config] VITE_GHL_WAITLIST_URL is unset; using recordingstudio.com for GET FULL ACCESS"],"stack":null}
[2026-04-26T18:30:23.585Z] {"timestamp":1777228221777,"level":"WARN","args":["[config] VITE_GHL_WAITLIST_URL is unset; using recordingstudio.com for GET FULL ACCESS"],"stack":null}
[2026-04-26T18:31:05.800Z] {"timestamp":1777228263795,"level":"DEBUG","args":["[Manus] Debug collector initialized (no rrweb, UI events only)"],"stack":null}
[2026-04-26T18:31:05.800Z] {"timestamp":1777228263804,"level":"DEBUG","args":["[vite] connected."],"stack":null}
[2026-04-26T18:31:05.800Z] {"timestamp":1777228264049,"level":"INFO","args":["%cDownload the React DevTools for a better development experience: https://react.dev/link/react-devtools","font-weight:bold"],"stack":null}
[2026-04-26T18:31:05.800Z] {"timestamp":1777228264089,"level":"WARN","args":["[config] VITE_GHL_WAITLIST_URL is unset; using recordingstudio.com for GET FULL ACCESS"],"stack":null}
[2026-04-26T18:31:05.800Z] {"timestamp":1777228264089,"level":"WARN","args":["[config] VITE_GHL_WAITLIST_URL is unset; using recordingstudio.com for GET FULL ACCESS"],"stack":null}
[2026-04-26T18:31:13.445Z] {"timestamp":1777228271314,"level":"DEBUG","args":["[Manus] Debug collector initialized (no rrweb, UI events only)"],"stack":null}
[2026-04-26T18:31:13.445Z] {"timestamp":1777228271317,"level":"DEBUG","args":["[vite] connected."],"stack":null}
[2026-04-26T18:31:13.445Z] {"timestamp":1777228271637,"level":"INFO","args":["%cDownload the React DevTools for a better development experience: https://react.dev/link/react-devtools","font-weight:bold"],"stack":null}
[2026-04-26T18:31:13.445Z] {"timestamp":1777228271665,"level":"WARN","args":["[config] VITE_GHL_WAITLIST_URL is unset; using recordingstudio.com for GET FULL ACCESS"],"stack":null}
[2026-04-26T18:31:13.445Z] {"timestamp":1777228271665,"level":"WARN","args":["[config] VITE_GHL_WAITLIST_URL is unset; using recordingstudio.com for GET FULL ACCESS"],"stack":null}
[2026-04-26T18:39:55.293Z] {"timestamp":1777228792393,"level":"DEBUG","args":["[Manus] Debug collector initialized (no rrweb, UI events only)"],"stack":null}
[2026-04-26T18:39:55.293Z] {"timestamp":1777228792397,"level":"DEBUG","args":["[vite] connected."],"stack":null}
[2026-04-26T18:39:55.293Z] {"timestamp":1777228792637,"level":"INFO","args":["%cDownload the React DevTools for a better development experience: https://react.dev/link/react-devtools","font-weight:bold"],"stack":null}
[2026-04-26T18:39:55.293Z] {"timestamp":1777228792687,"level":"WARN","args":["[config] VITE_GHL_WAITLIST_URL is unset; using recordingstudio.com for GET FULL ACCESS"],"stack":null}
[2026-04-26T18:39:55.293Z] {"timestamp":1777228792687,"level":"WARN","args":["[config] VITE_GHL_WAITLIST_URL is unset; using recordingstudio.com for GET FULL ACCESS"],"stack":null}
[2026-04-26T21:17:47.283Z] {"timestamp":1777238266995,"level":"DEBUG","args":["[vite]","hot updated: /src/App.tsx"],"stack":null}
[2026-04-26T21:17:47.283Z] {"timestamp":1777238266995,"level":"DEBUG","args":["[vite]","hot updated: /src/index.css"],"stack":null}
[2026-04-26T21:17:47.283Z] {"timestamp":1777238267274,"level":"DEBUG","args":["[vite]","hot updated: /src/App.tsx"],"stack":null}
[2026-04-26T21:17:47.283Z] {"timestamp":1777238267274,"level":"DEBUG","args":["[vite]","hot updated: /src/index.css"],"stack":null}
[2026-04-26T21:17:49.282Z] {"timestamp":1777238267337,"level":"DEBUG","args":["[vite]","hot updated: /src/App.tsx"],"stack":null}
[2026-04-26T21:17:49.282Z] {"timestamp":1777238267337,"level":"DEBUG","args":["[vite]","hot updated: /src/index.css"],"stack":null}
[2026-04-26T21:17:49.282Z] {"timestamp":1777238267918,"level":"DEBUG","args":["[vite]","hot updated: /src/app/lab/page.tsx"],"stack":null}
[2026-04-26T21:17:49.282Z] {"timestamp":1777238267918,"level":"DEBUG","args":["[vite]","hot updated: /src/index.css"],"stack":null}
[2026-04-26T21:17:49.282Z] {"timestamp":1777238268288,"level":"ERROR","args":[{"type":"UncaughtError","message":"Uncaught ReferenceError: getMatchmakerLaunchUrl is not defined","filename":"http://localhost:3000/src/app/lab/page.tsx?t=1777238267886","lineno":160,"colno":25,"stack":"ReferenceError: getMatchmakerLaunchUrl is not defined\n    at LabEntrancePage (http://localhost:3000/src/app/lab/page.tsx?t=1777238267886:160:25)\n    at Object.react_stack_bottom_frame (http://localhost:3000/@fs/Users/paulceppaglia/Developer/rs-unified-lab/apps/signal-flow/node_modules/.vite/deps/react-dom_client.js?v=9c729a51:18509:20)\n    at renderWithHooks (http://localhost:3000/@fs/Users/paulceppaglia/Developer/rs-unified-lab/apps/signal-flow/node_modules/.vite/deps/react-dom_client.js?v=9c729a51:5654:24)\n    at updateFunctionComponent (http://localhost:3000/@fs/Users/paulceppaglia/Developer/rs-unified-lab/apps/signal-flow/node_modules/.vite/deps/react-dom_client.js?v=9c729a51:7475:21)\n    at beginWork (http://localhost:3000/@fs/Users/paulceppaglia/Developer/rs-unified-lab/apps/signal-flow/node_modules/.vite/deps/react-dom_client.js?v=9c729a51:8525:20)\n    at runWithFiberInDEV (http://localhost:3000/@fs/Users/paulceppaglia/Developer/rs-unified-lab/apps/signal-flow/node_modules/.vite/deps/react-dom_client.js?v=9c729a51:997:72)\n    at performUnitOfWork (http://localhost:3000/@fs/Users/paulceppaglia/Developer/rs-unified-lab/apps/signal-flow/node_modules/.vite/deps/react-dom_client.js?v=9c729a51:12561:98)\n    at workLoopSync (http://localhost:3000/@fs/Users/paulceppaglia/Developer/rs-unified-lab/apps/signal-flow/node_modules/.vite/deps/react-dom_client.js?v=9c729a51:12424:43)\n    at renderRootSync (http://localhost:3000/@fs/Users/paulceppaglia/Developer/rs-unified-lab/apps/signal-flow/node_modules/.vite/deps/react-dom_client.js?v=9c729a51:12408:13)\n    at performWorkOnRoot (http://localhost:3000/@fs/Users/paulceppaglia/Developer/rs-unified-lab/apps/signal-flow/node_modules/.vite/deps/react-dom_client.js?v=9c729a51:11827:37)"}],"stack":"ReferenceError: getMatchmakerLaunchUrl is not defined\n    at LabEntrancePage (http://localhost:3000/src/app/lab/page.tsx?t=1777238267886:160:25)\n    at Object.react_stack_bottom_frame (http://localhost:3000/@fs/Users/paulceppaglia/Developer/rs-unified-lab/apps/signal-flow/node_modules/.vite/deps/react-dom_client.js?v=9c729a51:18509:20)\n    at renderWithHooks (http://localhost:3000/@fs/Users/paulceppaglia/Developer/rs-unified-lab/apps/signal-flow/node_modules/.vite/deps/react-dom_client.js?v=9c729a51:5654:24)\n    at updateFunctionComponent (http://localhost:3000/@fs/Users/paulceppaglia/Developer/rs-unified-lab/apps/signal-flow/node_modules/.vite/deps/react-dom_client.js?v=9c729a51:7475:21)\n    at beginWork (http://localhost:3000/@fs/Users/paulceppaglia/Developer/rs-unified-lab/apps/signal-flow/node_modules/.vite/deps/react-dom_client.js?v=9c729a51:8525:20)\n    at runWithFiberInDEV (http://localhost:3000/@fs/Users/paulceppaglia/Developer/rs-unified-lab/apps/signal-flow/node_modules/.vite/deps/react-dom_client.js?v=9c729a51:997:72)\n    at performUnitOfWork (http://localhost:3000/@fs/Users/paulceppaglia/Developer/rs-unified-lab/apps/signal-flow/node_modules/.vite/deps/react-dom_client.js?v=9c729a51:12561:98)\n    at workLoopSync (http://localhost:3000/@fs/Users/paulceppaglia/Developer/rs-unified-lab/apps/signal-flow/node_modules/.vite/deps/react-dom_client.js?v=9c729a51:12424:43)\n    at renderRootSync (http://localhost:3000/@fs/Users/paulceppaglia/Developer/rs-unified-lab/apps/signal-flow/node_modules/.vite/deps/react-dom_client.js?v=9c729a51:12408:13)\n    at performWorkOnRoot (http://localhost:3000/@fs/Users/paulceppaglia/Developer/rs-unified-lab/apps/signal-flow/node_modules/.vite/deps/react-dom_client.js?v=9c729a51:11827:37)"}
[2026-04-26T21:17:49.282Z] {"timestamp":1777238268289,"level":"WARN","args":["%s\n\n%s\n","An error occurred in the <LabEntrancePage> component.","Consider adding an error boundary to your tree to customize error handling behavior.\nVisit https://react.dev/link/error-boundaries to learn more about error boundaries."],"stack":null}
[2026-04-26T21:17:51.281Z] {"timestamp":1777238270652,"level":"DEBUG","args":["[vite]","hot updated: /src/app/lab/page.tsx"],"stack":null}
[2026-04-26T21:17:51.282Z] {"timestamp":1777238270652,"level":"DEBUG","args":["[vite]","hot updated: /src/index.css"],"stack":null}
[2026-04-26T21:17:57.281Z] {"timestamp":1777238277162,"level":"DEBUG","args":["[vite]","hot updated: /src/app/lab/page.tsx"],"stack":null}
[2026-04-26T21:17:57.281Z] {"timestamp":1777238277162,"level":"DEBUG","args":["[vite]","hot updated: /src/index.css"],"stack":null}
[2026-04-26T21:21:53.282Z] {"timestamp":1777238510585,"level":"DEBUG","args":["[Manus] Debug collector initialized (no rrweb, UI events only)"],"stack":null}
[2026-04-26T21:21:53.282Z] {"timestamp":1777238510593,"level":"DEBUG","args":["[vite] connected."],"stack":null}
[2026-04-26T21:21:53.282Z] {"timestamp":1777238510972,"level":"INFO","args":["%cDownload the React DevTools for a better development experience: https://react.dev/link/react-devtools","font-weight:bold"],"stack":null}
[2026-04-26T21:22:25.721Z] {"timestamp":1777238543715,"level":"DEBUG","args":["[Manus] Debug collector initialized (no rrweb, UI events only)"],"stack":null}
[2026-04-26T21:22:25.721Z] {"timestamp":1777238543824,"level":"DEBUG","args":["[vite] connected."],"stack":null}
[2026-04-26T21:22:25.721Z] {"timestamp":1777238544194,"level":"INFO","args":["%cDownload the React DevTools for a better development experience: https://react.dev/link/react-devtools","font-weight:bold"],"stack":null}
[2026-04-26T21:25:44.082Z] {"timestamp":1777238733145,"level":"DEBUG","args":["[vite]","hot updated: /src/app/lab/page.tsx"],"stack":null}
[2026-04-26T21:25:44.082Z] {"timestamp":1777238733145,"level":"DEBUG","args":["[vite]","hot updated: /src/index.css"],"stack":null}
[2026-04-26T21:25:49.086Z] {"timestamp":1777238747083,"level":"DEBUG","args":["[Manus] Debug collector initialized (no rrweb, UI events only)"],"stack":null}
[2026-04-26T21:25:49.086Z] {"timestamp":1777238747087,"level":"DEBUG","args":["[vite] connected."],"stack":null}
[2026-04-26T21:25:49.086Z] {"timestamp":1777238747297,"level":"INFO","args":["%cDownload the React DevTools for a better development experience: https://react.dev/link/react-devtools","font-weight:bold"],"stack":null}
[2026-04-26T21:30:56.578Z] {"timestamp":1777239054573,"level":"DEBUG","args":["[Manus] Debug collector initialized (no rrweb, UI events only)"],"stack":null}
[2026-04-26T21:30:56.578Z] {"timestamp":1777239054676,"level":"INFO","args":["%cDownload the React DevTools for a better development experience: https://react.dev/link/react-devtools","font-weight:bold"],"stack":null}
[2026-04-26T21:30:56.578Z] {"timestamp":1777239054772,"level":"DEBUG","args":["[vite] connected."],"stack":null}
